2026-05-31 17:56:30  INFO      Please visit this URL to authorize this application: https://accounts.google.com/o/oauth2/auth?response_type=code&client_id=919132708587-p27hij285eaemjtamnc4p7uvrsooihro.apps.googleusercontent.com&redirect_uri=http%3A%2F%2Flocalhost%3A54401%2F&scope=https%3A%2F%2Fwww.googleapis.com%2Fauth%2Fdrive&state=DFDgGYYdzjA79wTA4jfTQ7EMfbEisv&code_challenge=y15WCQ8MT6C1lGPAB-blDV4KppFo8kz9BagxpLyjpS4&code_challenge_method=S256&access_type=offline
2026-05-31 17:57:47  INFO      "GET /?state=DFDgGYYdzjA79wTA4jfTQ7EMfbEisv&iss=https://accounts.google.com&code=4/0AeoWuM-9kyeNpDj2GiYxyjYywQi4DooJzd3ecBrD9cFxDYA-CjK81S_cY4Iqz2cnRHR2fg&scope=https://www.googleapis.com/auth/drive HTTP/1.1" 200 65
2026-05-31 17:57:47  INFO      Autenticación OAuth completada exitosamente.
2026-05-31 17:57:47  INFO      Token guardado en 'token.json'.
2026-05-31 17:57:47  INFO      Servicio de Google Drive inicializado correctamente.
2026-05-31 17:57:48  INFO      HEAD http://localhost:9200/ [status:200 duration:0.048s]
2026-05-31 17:57:48  INFO      Conexión a Elasticsearch establecida en http://localhost:9200
2026-05-31 17:57:48  INFO      HEAD http://localhost:9200/documentos_busqueda [status:404 duration:0.119s]
2026-05-31 17:57:48  INFO      Índice 'documentos_busqueda' no existe aún. Se iniciará vacío.
2026-05-31 17:57:48  INFO      ============================================================
2026-05-31 17:57:48  INFO      Iniciando pipeline en: C:\Users\andym\CLASES\SEMESTRE 9\SISTEMAS DISTRIBUIDOS\SearchV16\backend\Documentos
2026-05-31 17:57:48  INFO      ============================================================
2026-05-31 17:57:48  INFO      ── Procesando: biblia.txt
2026-05-31 17:57:50  INFO      Archivo subido a Drive: 'biblia.txt'  →  https://drive.google.com/file/d/1eFMFH8u4xl9Bg4lnBpkytpQM1FcIBPWj/view?usp=drivesdk
2026-05-31 17:57:51  INFO      ── Procesando: Desarrollo de un Sistema de Comunicación inalámbrica con Arduino.docx
2026-05-31 17:57:52  INFO      Archivo subido a Drive: 'Desarrollo de un Sistema de Comunicación inalámbrica con Arduino.docx'  →  https://docs.google.com/document/d/1bgEF6gml4mRA--P8FuImvda_bwxnOEmU/edit?usp=drivesdk&ouid=112032548564420431339&rtpof=true&sd=true
2026-05-31 17:57:52  INFO      ── Procesando: ejemplo.md
2026-05-31 17:57:54  INFO      Archivo subido a Drive: 'ejemplo.md'  →  https://drive.google.com/file/d/1PwjILEiIdnXyPSAYDBnIwVepXPsCpUg_/view?usp=drivesdk
2026-05-31 17:57:54  INFO      ── Procesando: El libro troll (El Rubius) .pdf
2026-05-31 17:58:00  INFO      Archivo subido a Drive: 'El libro troll (El Rubius) .pdf'  →  https://drive.google.com/file/d/1wkpQa4OLGGiDKldQKIpUWdNqfyaRyWEq/view?usp=drivesdk
2026-05-31 17:58:00  WARNING      Extracción de texto fallida para 'El libro troll (El Rubius) .pdf'. Se indexará con texto vacío.
2026-05-31 17:58:00  INFO      ── Procesando: Informe_Laboratorio_HPC_N_Cuerpos.docx
2026-05-31 17:58:01  INFO      Archivo subido a Drive: 'Informe_Laboratorio_HPC_N_Cuerpos.docx'  →  https://docs.google.com/document/d/1WljKIHRleSIVqOw_18GkbeIolwb8j_ad/edit?usp=drivesdk&ouid=112032548564420431339&rtpof=true&sd=true
2026-05-31 17:58:02  INFO      ── Procesando: Siddhartha.pdf
2026-05-31 17:58:04  INFO      Archivo subido a Drive: 'Siddhartha.pdf'  →  https://drive.google.com/file/d/1ohshVJD1E9iAqZ4UOVE-7XRE3SMKxmEO/view?usp=drivesdk
2026-05-31 17:58:08  INFO      ============================================================
2026-05-31 17:58:08  INFO      FASE 2: 6 documentos → 1 lote(s) de máx 50
2026-05-31 17:58:08  INFO      ============================================================
2026-05-31 17:58:08  INFO         Lote 1/1 — 6 documentos...
2026-05-31 17:58:18  INFO      PUT http://localhost:9200/_bulk [status:N/A duration:10.003s]
2026-05-31 17:58:18  WARNING   Node <Urllib3HttpNode(http://localhost:9200)> has failed for 1 times in a row, putting on 1 second timeout
2026-05-31 17:58:18  ERROR        Error en lote 1: Connection timed out
2026-05-31 17:58:18  INFO      ============================================================
2026-05-31 17:58:18  INFO      Pipeline finalizado.
2026-05-31 17:58:18  INFO        Total archivos encontrados : 6
2026-05-31 17:58:18  INFO        Procesados exitosamente    : 0
2026-05-31 17:58:18  INFO        Omitidos por duplicado     : 0
2026-05-31 17:58:18  INFO        Errores                    : 6
2026-05-31 17:58:18  INFO      ============================================================
2026-05-31 18:01:23  INFO      Servicio de Google Drive inicializado correctamente.
2026-05-31 18:01:23  INFO      HEAD http://localhost:9200/ [status:200 duration:0.143s]
2026-05-31 18:01:23  INFO      Conexión a Elasticsearch establecida en http://localhost:9200
2026-05-31 18:01:23  INFO      HEAD http://localhost:9200/documentos_busqueda [status:200 duration:0.161s]
2026-05-31 18:01:24  INFO      POST http://localhost:9200/documentos_busqueda/_search?scroll=2m [status:200 duration:1.006s]
2026-05-31 18:01:24  INFO      POST http://localhost:9200/_search/scroll [status:200 duration:0.149s]
2026-05-31 18:01:24  INFO      DELETE http://localhost:9200/_search/scroll [status:200 duration:0.030s]
2026-05-31 18:01:24  INFO      Cargados 6 hashes previos desde el índice 'documentos_busqueda'.
2026-05-31 18:01:24  INFO      ============================================================
2026-05-31 18:01:24  INFO      Iniciando pipeline en: C:\Users\andym\CLASES\SEMESTRE 9\SISTEMAS DISTRIBUIDOS\SearchV16\backend\Documentos
2026-05-31 18:01:24  INFO      ============================================================
2026-05-31 18:01:24  INFO      ── Procesando: biblia.txt
2026-05-31 18:01:24  INFO         DUPLICADO — omitido: biblia.txt  (hash: bda5fa784594…)
2026-05-31 18:01:24  INFO      ── Procesando: Desarrollo de un Sistema de Comunicación inalámbrica con Arduino.docx
2026-05-31 18:01:24  INFO         DUPLICADO — omitido: Desarrollo de un Sistema de Comunicación inalámbrica con Arduino.docx  (hash: 7fd57b995990…)
2026-05-31 18:01:24  INFO      ── Procesando: ejemplo.md
2026-05-31 18:01:24  INFO         DUPLICADO — omitido: ejemplo.md  (hash: 1c83b89722ac…)
2026-05-31 18:01:24  INFO      ── Procesando: El libro troll (El Rubius) .pdf
2026-05-31 18:01:24  INFO         DUPLICADO — omitido: El libro troll (El Rubius) .pdf  (hash: 0d2c3a3f505b…)
2026-05-31 18:01:24  INFO      ── Procesando: Informe_Laboratorio_HPC_N_Cuerpos.docx
2026-05-31 18:01:24  INFO         DUPLICADO — omitido: Informe_Laboratorio_HPC_N_Cuerpos.docx  (hash: a2ae42a9437e…)
2026-05-31 18:01:24  INFO      ── Procesando: Siddhartha.pdf
2026-05-31 18:01:24  INFO         DUPLICADO — omitido: Siddhartha.pdf  (hash: c1b8d18df375…)
2026-05-31 18:01:24  INFO      ============================================================
2026-05-31 18:11:52  INFO      Servicio de Google Drive inicializado correctamente.
2026-05-31 18:11:52  INFO      HEAD http://localhost:9200/ [status:200 duration:0.100s]
2026-05-31 18:11:52  INFO      Conexión a Elasticsearch establecida en http://localhost:9200
2026-05-31 18:11:52  INFO      HEAD http://localhost:9200/documentos_busqueda [status:200 duration:0.012s]
2026-05-31 18:11:53  INFO      POST http://localhost:9200/documentos_busqueda/_search?scroll=2m [status:200 duration:0.434s]
2026-05-31 18:11:53  INFO      POST http://localhost:9200/_search/scroll [status:200 duration:0.006s]
2026-05-31 18:11:53  INFO      DELETE http://localhost:9200/_search/scroll [status:200 duration:0.048s]
2026-05-31 18:11:53  INFO      Cargados 6 hashes previos desde el índice 'documentos_busqueda'.
2026-05-31 18:11:53  INFO      ============================================================
2026-05-31 18:11:53  INFO      Iniciando pipeline en: C:\Users\andym\CLASES\SEMESTRE 9\SISTEMAS DISTRIBUIDOS\SearchV16\backend\Documentos
2026-05-31 18:11:53  INFO      ============================================================
2026-05-31 18:11:53  INFO      ── Procesando: biblia.txt
2026-05-31 18:11:53  INFO         DUPLICADO — omitido: biblia.txt  (hash: bda5fa784594…)
2026-05-31 18:11:53  INFO      ── Procesando: Desarrollo de un Sistema de Comunicación inalámbrica con Arduino.docx
2026-05-31 18:11:53  INFO         DUPLICADO — omitido: Desarrollo de un Sistema de Comunicación inalámbrica con Arduino.docx  (hash: 7fd57b995990…)
2026-05-31 18:11:53  INFO      ── Procesando: ejemplo.md
2026-05-31 18:11:53  INFO         DUPLICADO — omitido: ejemplo.md  (hash: 1c83b89722ac…)
2026-05-31 18:11:53  INFO      ── Procesando: El libro troll (El Rubius) .pdf
2026-05-31 18:11:53  INFO         DUPLICADO — omitido: El libro troll (El Rubius) .pdf  (hash: 0d2c3a3f505b…)
2026-05-31 18:11:53  INFO      ── Procesando: Informe_Laboratorio_HPC_N_Cuerpos.docx
2026-05-31 18:11:53  INFO         DUPLICADO — omitido: Informe_Laboratorio_HPC_N_Cuerpos.docx  (hash: a2ae42a9437e…)
2026-05-31 18:11:53  INFO      ── Procesando: Siddhartha.pdf
2026-05-31 18:11:53  INFO         DUPLICADO — omitido: Siddhartha.pdf  (hash: c1b8d18df375…)
2026-05-31 18:11:53  INFO      ============================================================
2026-05-31 18:13:39  INFO      Servicio de Google Drive inicializado correctamente.
2026-05-31 18:13:39  INFO      HEAD http://localhost:9200/ [status:200 duration:0.061s]
2026-05-31 18:13:39  INFO      Conexión a Elasticsearch establecida en http://localhost:9200
2026-05-31 18:13:39  INFO      HEAD http://localhost:9200/documentos_busqueda [status:200 duration:0.005s]
2026-05-31 18:13:39  INFO      POST http://localhost:9200/documentos_busqueda/_search?scroll=2m [status:200 duration:0.123s]
2026-05-31 18:13:39  INFO      POST http://localhost:9200/_search/scroll [status:200 duration:0.005s]
2026-05-31 18:13:39  INFO      DELETE http://localhost:9200/_search/scroll [status:200 duration:0.045s]
2026-05-31 18:13:39  INFO      Cargados 6 hashes previos desde el índice 'documentos_busqueda'.
2026-05-31 18:13:39  INFO      ============================================================
2026-05-31 18:13:39  INFO      Iniciando pipeline en: C:\Users\andym\CLASES\SEMESTRE 9\SISTEMAS DISTRIBUIDOS\SearchV16\backend\Documentos
2026-05-31 18:13:39  INFO      ============================================================
2026-05-31 18:13:39  INFO      ── Procesando: biblia.txt
2026-05-31 18:13:39  INFO         DUPLICADO — omitido: biblia.txt  (hash: bda5fa784594…)
2026-05-31 18:13:39  INFO      ── Procesando: Desarrollo de un Sistema de Comunicación inalámbrica con Arduino.docx
2026-05-31 18:13:39  INFO         DUPLICADO — omitido: Desarrollo de un Sistema de Comunicación inalámbrica con Arduino.docx  (hash: 7fd57b995990…)
2026-05-31 18:13:39  INFO      ── Procesando: ejemplo.md
2026-05-31 18:13:39  INFO         DUPLICADO — omitido: ejemplo.md  (hash: 1c83b89722ac…)
2026-05-31 18:13:39  INFO      ── Procesando: El libro troll (El Rubius) .pdf
2026-05-31 18:13:39  INFO         DUPLICADO — omitido: El libro troll (El Rubius) .pdf  (hash: 0d2c3a3f505b…)
2026-05-31 18:13:39  INFO      ── Procesando: Informe_Laboratorio_HPC_N_Cuerpos.docx
2026-05-31 18:13:39  INFO         DUPLICADO — omitido: Informe_Laboratorio_HPC_N_Cuerpos.docx  (hash: a2ae42a9437e…)
2026-05-31 18:13:39  INFO      ── Procesando: Siddhartha.pdf
2026-05-31 18:13:39  INFO         DUPLICADO — omitido: Siddhartha.pdf  (hash: c1b8d18df375…)
2026-05-31 18:13:39  INFO      ============================================================
2026-05-31 18:13:39  INFO      ============================================================
2026-05-31 18:13:39  INFO      No hay documentos nuevos para indexar.
2026-05-31 18:13:39  INFO      ============================================================
2026-05-31 18:13:39  INFO      Pipeline finalizado.
2026-05-31 18:13:39  INFO        Total archivos encontrados : 6
2026-05-31 18:13:39  INFO        Procesados exitosamente    : 0
2026-05-31 18:13:39  INFO        Omitidos por duplicado     : 6
2026-05-31 18:13:39  INFO        Errores                    : 0
2026-05-31 18:13:39  INFO      ============================================================
2026-05-31 18:14:15  INFO      Servicio de Google Drive inicializado correctamente.
2026-05-31 18:14:15  INFO      HEAD http://localhost:9200/ [status:200 duration:0.023s]
2026-05-31 18:14:15  INFO      Conexión a Elasticsearch establecida en http://localhost:9200
2026-05-31 18:14:15  INFO      HEAD http://localhost:9200/documentos_busqueda [status:200 duration:0.006s]
2026-05-31 18:14:15  INFO      POST http://localhost:9200/documentos_busqueda/_search?scroll=2m [status:200 duration:0.265s]
2026-05-31 18:14:15  INFO      POST http://localhost:9200/_search/scroll [status:200 duration:0.017s]
2026-05-31 18:14:15  INFO      DELETE http://localhost:9200/_search/scroll [status:200 duration:0.048s]
2026-05-31 18:14:15  INFO      Cargados 6 hashes previos desde el índice 'documentos_busqueda'.
2026-05-31 18:14:15  INFO      ============================================================
2026-05-31 18:14:15  INFO      Iniciando pipeline en: C:\Users\andym\CLASES\SEMESTRE 9\SISTEMAS DISTRIBUIDOS\SearchV16\backend\Documentos
2026-05-31 18:14:15  INFO      ============================================================
2026-05-31 18:14:15  INFO      ── Procesando: biblia.txt
2026-05-31 18:14:15  INFO         DUPLICADO — omitido: biblia.txt  (hash: bda5fa784594…)
2026-05-31 18:14:15  INFO      ── Procesando: Desarrollo de un Sistema de Comunicación inalámbrica con Arduino.docx
2026-05-31 18:14:15  INFO         DUPLICADO — omitido: Desarrollo de un Sistema de Comunicación inalámbrica con Arduino.docx  (hash: 7fd57b995990…)
2026-05-31 18:14:15  INFO      ── Procesando: ejemplo.md
2026-05-31 18:14:15  INFO         DUPLICADO — omitido: ejemplo.md  (hash: 1c83b89722ac…)
2026-05-31 18:14:15  INFO      ── Procesando: El libro troll (El Rubius) .pdf
2026-05-31 18:14:15  INFO         DUPLICADO — omitido: El libro troll (El Rubius) .pdf  (hash: 0d2c3a3f505b…)
2026-05-31 18:14:15  INFO      ── Procesando: Informe_Laboratorio_HPC_N_Cuerpos.docx
2026-05-31 18:14:15  INFO         DUPLICADO — omitido: Informe_Laboratorio_HPC_N_Cuerpos.docx  (hash: a2ae42a9437e…)
2026-05-31 18:14:15  INFO      ── Procesando: Siddhartha.pdf
2026-05-31 18:14:15  INFO         DUPLICADO — omitido: Siddhartha.pdf  (hash: c1b8d18df375…)
2026-05-31 18:14:15  INFO      ============================================================
2026-05-31 18:14:15  INFO      FASE 2: 0 documentos → 1 lote(s) de máx 50
2026-05-31 18:14:15  INFO      ============================================================
2026-05-31 18:14:15  INFO      No hay documentos nuevos para indexar.
2026-05-31 18:14:15  INFO      ============================================================
2026-05-31 18:14:15  INFO      Pipeline finalizado.
2026-05-31 18:14:15  INFO        Total archivos encontrados : 6
2026-05-31 18:14:15  INFO        Procesados exitosamente    : 0
2026-05-31 18:14:15  INFO        Omitidos por duplicado     : 6
2026-05-31 18:14:15  INFO        Errores                    : 0
2026-05-31 18:14:15  INFO      ============================================================
2026-05-31 18:14:40  INFO      Servicio de Google Drive inicializado correctamente.
2026-05-31 18:14:40  INFO      HEAD http://localhost:9200/ [status:200 duration:0.021s]
2026-05-31 18:14:40  INFO      Conexión a Elasticsearch establecida en http://localhost:9200
2026-05-31 18:14:40  INFO      HEAD http://localhost:9200/documentos_busqueda [status:200 duration:0.003s]
2026-05-31 18:14:40  INFO      POST http://localhost:9200/documentos_busqueda/_search?scroll=2m [status:200 duration:0.279s]
2026-05-31 18:14:40  INFO      POST http://localhost:9200/_search/scroll [status:200 duration:0.007s]
2026-05-31 18:14:40  INFO      DELETE http://localhost:9200/_search/scroll [status:200 duration:0.047s]
2026-05-31 18:14:40  INFO      Cargados 6 hashes previos desde el índice 'documentos_busqueda'.
2026-05-31 18:14:40  INFO      ============================================================
2026-05-31 18:14:40  INFO      Iniciando pipeline en: C:\Users\andym\CLASES\SEMESTRE 9\SISTEMAS DISTRIBUIDOS\SearchV16\backend\Documentos
2026-05-31 18:14:40  INFO      ============================================================
2026-05-31 18:14:40  INFO      ── Procesando: biblia.txt
2026-05-31 18:14:40  INFO         DUPLICADO — omitido: biblia.txt  (hash: bda5fa784594…)
2026-05-31 18:14:40  INFO      ── Procesando: Desarrollo de un Sistema de Comunicación inalámbrica con Arduino.docx
2026-05-31 18:14:40  INFO         DUPLICADO — omitido: Desarrollo de un Sistema de Comunicación inalámbrica con Arduino.docx  (hash: 7fd57b995990…)
2026-05-31 18:14:40  INFO      ── Procesando: ejemplo.md
2026-05-31 18:14:40  INFO         DUPLICADO — omitido: ejemplo.md  (hash: 1c83b89722ac…)
2026-05-31 18:14:40  INFO      ── Procesando: El libro troll (El Rubius) .pdf
2026-05-31 18:14:41  INFO         DUPLICADO — omitido: El libro troll (El Rubius) .pdf  (hash: 0d2c3a3f505b…)
2026-05-31 18:14:41  INFO      ── Procesando: Informe_Laboratorio_HPC_N_Cuerpos.docx
2026-05-31 18:14:41  INFO         DUPLICADO — omitido: Informe_Laboratorio_HPC_N_Cuerpos.docx  (hash: a2ae42a9437e…)
2026-05-31 18:14:41  INFO      ── Procesando: Siddhartha.pdf
2026-05-31 18:14:41  INFO         DUPLICADO — omitido: Siddhartha.pdf  (hash: c1b8d18df375…)
2026-05-31 18:14:41  INFO      ============================================================
2026-05-31 18:14:41  INFO      No hay documentos nuevos para indexar.
2026-05-31 18:14:41  INFO      ============================================================
2026-05-31 18:14:41  INFO      Pipeline finalizado.
2026-05-31 18:14:41  INFO        Total archivos encontrados : 6
2026-05-31 18:14:41  INFO        Procesados exitosamente    : 0
2026-05-31 18:14:41  INFO        Omitidos por duplicado     : 6
2026-05-31 18:14:41  INFO        Errores                    : 0
2026-05-31 18:14:41  INFO      ============================================================
2026-05-31 18:16:12  INFO      Servicio de Google Drive inicializado correctamente.
2026-05-31 18:16:12  INFO      HEAD http://localhost:9200/ [status:200 duration:0.063s]
2026-05-31 18:16:12  INFO      Conexión a Elasticsearch establecida en http://localhost:9200
2026-05-31 18:16:12  INFO      HEAD http://localhost:9200/library [status:404 duration:0.007s]
2026-05-31 18:16:12  INFO      Índice 'library' no existe aún. Se iniciará vacío.
2026-05-31 18:16:12  INFO      ============================================================
2026-05-31 18:16:12  INFO      Iniciando pipeline en: C:\Users\andym\CLASES\SEMESTRE 9\SISTEMAS DISTRIBUIDOS\SearchV16\backend\Documentos
2026-05-31 18:16:12  INFO      ============================================================
2026-05-31 18:16:12  INFO      ── Procesando: biblia.txt
2026-05-31 18:16:15  INFO      Archivo subido a Drive: 'biblia.txt'  →  https://drive.google.com/file/d/1_y2K70CCh-I1RNKTPXZAOew4DJLY2Py7/view?usp=drivesdk
2026-05-31 18:16:15  INFO      ── Procesando: Desarrollo de un Sistema de Comunicación inalámbrica con Arduino.docx
2026-05-31 18:16:16  INFO      Archivo subido a Drive: 'Desarrollo de un Sistema de Comunicación inalámbrica con Arduino.docx'  →  https://docs.google.com/document/d/18jVn5DtP3yGco-nOGiFdX0hdVM_Ckwqd/edit?usp=drivesdk&ouid=112032548564420431339&rtpof=true&sd=true
2026-05-31 18:16:16  INFO      ── Procesando: ejemplo.md
2026-05-31 18:16:18  INFO      Archivo subido a Drive: 'ejemplo.md'  →  https://drive.google.com/file/d/1qsc3TZbhH6F-yEuVVZL5TIZZQowaE9en/view?usp=drivesdk
2026-05-31 18:16:18  INFO      ── Procesando: El libro troll (El Rubius) .pdf
2026-05-31 18:16:24  INFO      Archivo subido a Drive: 'El libro troll (El Rubius) .pdf'  →  https://drive.google.com/file/d/12H1MqkVGk6LjBW1KuolGsoLnGL-5RUGU/view?usp=drivesdk
2026-05-31 18:16:24  WARNING      Extracción de texto fallida para 'El libro troll (El Rubius) .pdf'. Se indexará con texto vacío.
2026-05-31 18:16:24  INFO      ── Procesando: Informe_Laboratorio_HPC_N_Cuerpos.docx
2026-05-31 18:16:25  INFO      Archivo subido a Drive: 'Informe_Laboratorio_HPC_N_Cuerpos.docx'  →  https://docs.google.com/document/d/1osRg5ON7vTOleymjv9xyrJPOo_2BgYfR/edit?usp=drivesdk&ouid=112032548564420431339&rtpof=true&sd=true
2026-05-31 18:16:25  INFO      ── Procesando: Siddhartha.pdf
2026-05-31 18:16:27  INFO      Archivo subido a Drive: 'Siddhartha.pdf'  →  https://drive.google.com/file/d/1lPfOzcIIABnxY7oxkS3eoKTUVknPzTpc/view?usp=drivesdk
2026-05-31 18:16:30  INFO      ============================================================
2026-05-31 18:16:30  INFO         Lote 1/1 — 6 documentos...
2026-05-31 18:16:38  INFO      PUT http://localhost:9200/_bulk [status:200 duration:8.213s]
2026-05-31 18:16:38  INFO         ✓ Lote 1/1 — 6 indexados, 0 fallos.
2026-05-31 18:16:38  INFO      ============================================================
2026-05-31 18:16:38  INFO      Pipeline finalizado.
2026-05-31 18:16:38  INFO        Total archivos encontrados : 6
2026-05-31 18:16:38  INFO        Procesados exitosamente    : 6
2026-05-31 18:16:38  INFO        Omitidos por duplicado     : 0
2026-05-31 18:16:38  INFO        Errores                    : 0
2026-05-31 18:16:38  INFO      ============================================================
2026-05-31 18:24:14  INFO      Servicio de Google Drive inicializado correctamente.
2026-05-31 18:24:14  INFO      HEAD http://localhost:9200/ [status:200 duration:0.026s]
2026-05-31 18:24:14  INFO      Conexión a Elasticsearch establecida en http://localhost:9200
2026-05-31 18:24:14  INFO      HEAD http://localhost:9200/library [status:404 duration:0.005s]
2026-05-31 18:24:14  INFO      Índice 'library' no existe aún. Se iniciará vacío.
2026-05-31 18:24:14  INFO      ============================================================
2026-05-31 18:24:14  INFO      Iniciando pipeline en: C:\Users\andym\CLASES\SEMESTRE 9\SISTEMAS DISTRIBUIDOS\SearchV16\backend\Documentos
2026-05-31 18:24:14  INFO      ============================================================
2026-05-31 18:24:14  INFO      ── Procesando: biblia.txt
2026-05-31 18:24:17  INFO      Archivo subido a Drive: 'biblia.txt'  →  https://drive.google.com/file/d/1R4BojSSGRQmcsE9tSbmBp2Kw5lGwG_N9/view?usp=drivesdk
2026-05-31 18:24:17  INFO      ── Procesando: Desarrollo de un Sistema de Comunicación inalámbrica con Arduino.docx
2026-05-31 18:24:18  INFO      Archivo subido a Drive: 'Desarrollo de un Sistema de Comunicación inalámbrica con Arduino.docx'  →  https://docs.google.com/document/d/1g0c3Cf6pr28Ssj6r7vNGvzSvZNI0YLM1/edit?usp=drivesdk&ouid=112032548564420431339&rtpof=true&sd=true
2026-05-31 18:24:18  INFO      ── Procesando: ejemplo.md
2026-05-31 18:24:20  INFO      Archivo subido a Drive: 'ejemplo.md'  →  https://drive.google.com/file/d/191aRJL2EfA8DmzfwncY7617cfv9jSoEA/view?usp=drivesdk
2026-05-31 18:24:20  INFO      ── Procesando: El libro troll (El Rubius) .pdf
2026-05-31 18:24:26  INFO      Archivo subido a Drive: 'El libro troll (El Rubius) .pdf'  →  https://drive.google.com/file/d/1_p__lShkNFOnZZtHr_AJSixZODZdhUsS/view?usp=drivesdk
2026-05-31 18:24:26  WARNING      Extracción de texto fallida para 'El libro troll (El Rubius) .pdf'. Se indexará con texto vacío.
2026-05-31 18:24:26  INFO      ── Procesando: Informe_Laboratorio_HPC_N_Cuerpos.docx
2026-05-31 18:24:28  INFO      Archivo subido a Drive: 'Informe_Laboratorio_HPC_N_Cuerpos.docx'  →  https://docs.google.com/document/d/1iOSsC3Ibkrcu2xkGzleVoaNpKF1ej2DK/edit?usp=drivesdk&ouid=112032548564420431339&rtpof=true&sd=true
2026-05-31 18:24:28  INFO      ── Procesando: Siddhartha.pdf
2026-05-31 18:24:29  INFO      Archivo subido a Drive: 'Siddhartha.pdf'  →  https://drive.google.com/file/d/1lwrBdPsJKpq1fpSyGe8XPd9-dxfVPoF6/view?usp=drivesdk
2026-05-31 18:24:32  INFO      ============================================================
2026-05-31 18:24:32  INFO         Lote 1/1 — 6 documentos...
2026-05-31 18:24:36  INFO      PUT http://localhost:9200/_bulk [status:200 duration:3.973s]
2026-05-31 18:24:36  INFO         ✓ Lote 1/1 — 6 indexados, 0 fallos.
2026-05-31 18:24:36  INFO      ============================================================
2026-05-31 18:24:36  INFO      Pipeline finalizado.
2026-05-31 18:24:36  INFO        Total archivos encontrados : 6
2026-05-31 18:24:36  INFO        Procesados exitosamente    : 6
2026-05-31 18:24:36  INFO        Omitidos por duplicado     : 0
2026-05-31 18:24:36  INFO        Errores                    : 0
2026-05-31 18:24:36  INFO      ============================================================
